C51 COMPILER V9.55   MAIN                                                                  10/05/2019 19:24:28 PAGE 1   


C51 COMPILER V9.55, COMPILATION OF MODULE MAIN
OBJECT MODULE PLACED IN .\Objects\main.obj
COMPILER INVOKED BY: d:\Keil_v5\C51\BIN\C51.EXE main.c COMPACT OPTIMIZE(8,SPEED) BROWSE INCDIR(.\lib) DEFINE(CHAR_CODE) 
                    -DEBUG OBJECTEXTEND PRINT(.\Listings\main.lst) TABS(2) OBJECT(.\Objects\main.obj)

line level    source

   1          #include <STC15F2K60S2.H>
   2          #include "lcd12864.h"
   3          
   4          void main(void)
   5          {
   6   1        Lcd_Init();
   7   1        Lcd_Clear();
   8   1        while(1)
   9   1        {
  10   2            int i = 100;
  11   2            //LCD_print("abc:%d",123);
  12   2          LCD_print(0,"   Hello World!");
  13   2          LCD_print(1,"***************");
  14   2          LCD_print(2,"123",i,1.0);
  15   2          LCD_print(3,"abc:%dcm%f",i,1.0);
  16   2        }
  17   1      }


MODULE INFORMATION:   STATIC OVERLAYABLE
   CODE SIZE        =    102    ----
   CONSTANT SIZE    =     47    ----
   XDATA SIZE       =   ----    ----
   PDATA SIZE       =   ----       2
   DATA SIZE        =   ----    ----
   IDATA SIZE       =   ----    ----
   BIT SIZE         =   ----    ----
END OF MODULE INFORMATION.


C51 COMPILATION COMPLETE.  0 WARNING(S),  0 ERROR(S)
